5 -7 95.5973
-1 -7 85.2056
5 -1 96.8598
-1 -1 96.3095
11 -7 95.9858
11 -1 96.3095
5 -13 85.3027
-1 -13 64.7459
11 -13 95.4354
-3 -7 64.9401
-3 -1 94.5613
-3 -13 64.7459
5 1 96.5685
-1 1 96.6008
11 1 96.439
-3 1 95.6297
9 -7 96.1476
9 -1 96.698
9 -13 94.1081
9 1 96.5037
5 -11 92.1657
-1 -11 64.7459
11 -11 95.4678
-3 -11 64.7459
9 -11 95.4354
3 -7 94.2052
3 -1 96.6656
3 -13 64.9725
3 1 96.9246
3 -11 85.2379
5 -5 96.0181
-1 -5 92.36
11 -5 96.4713
-3 -5 85.0761
9 -5 96.3095
3 -5 95.8886
15 -7 96.4713
15 -1 96.3742
15 -13 95.5002
15 1 96.0181
15 -11 95.921
15 -5 96.7951
5 -15 64.9725
-1 -15 64.7459
11 -15 94.0758
-3 -15 64.7459
9 -15 92.1657
3 -15 64.7459
15 -15 95.4678
-5 -7 64.7459
-5 -1 92.5219
-5 -13 64.7459
-5 1 93.2988
-5 -11 64.7459
-5 -5 64.8754
-5 -15 64.7459
5 3 96.439
-1 3 96.4066
11 3 95.3707
-3 3 95.921
9 3 95.7591
3 3 96.6656
15 3 94.5937
-5 3 93.0722
7 -7 95.9858
7 -1 96.8275
7 -13 92.1657
7 1 96.4713
7 -11 94.1081
7 -5 96.1152
7 -15 85.2703
7 3 96.2447
5 -9 94.1081
-1 -9 64.9401
11 -9 95.8239
-3 -9 64.7459
9 -9 95.6297
3 -9 92.1981
15 -9 96.0181
-5 -9 64.7459
7 -9 95.4354
1 -7 92.2305
1 -1 96.439
1 -13 64.7459
1 1 96.8275
1 -11 64.9725
1 -5 94.4642
1 -15 64.7459
1 3 96.9246
1 -9 85.2379
5 -3 96.2771
-1 -3 94.8851
11 -3 96.8922
-3 -3 92.6837
9 -3 96.7951
3 -3 96.18
15 -3 96.5361
-5 -3 84.7847
7 -3 96.5361
1 -3 96.0829
13 -7 96.2771
13 -1 96.3419
13 -13 95.4678
13 1 96.2124
13 -11 95.5325
13 -5 96.6008
13 -15 95.4354
13 3 94.9822
13 -9 96.1476
13 -3 96.7627
